#
# A fatal error has been detected by the Java Runtime Environment:
#
#  SIGSEGV (0xb) at pc=0x00007fff2046b5d2, pid=36784, tid=9987
#
# JRE version:  (11.0.6+8) (build )
# Java VM: OpenJDK 64-Bit Server VM (11.0.6+8-b765.1, mixed mode, sharing, tiered, compressed oops, g1 gc, bsd-amd64)
# Problematic frame:
# C  [libsystem_platform.dylib+0x15d2]  _platform_strlen+0x12
#
# No core dump will be written. Core dumps have been disabled. To enable core dumping, try "ulimit -c unlimited" before starting Java again
#
# If you would like to submit a bug report, please visit:
#   http://bugreport.java.com/bugreport/crash.jsp
#

---------------  S U M M A R Y ------------

Command Line: getsp -test

Host: MacBookPro15,1 x86_64 2600 MHz, 12 cores, 16G, Darwin 20.3.0
Time: Mon Nov 22 09:14:47 2021 CET elapsed time: 0 seconds (0d 0h 0m 0s)

---------------  T H R E A D  ---------------

Current thread (0x00007f969e008800):  JavaThread "Unknown thread" [_thread_in_vm, id=9987, stack(0x00007000052d6000,0x00007000053d6000)]

Stack: [0x00007000052d6000,0x00007000053d6000],  sp=0x00007000053d5b70,  free space=1022k
Native frames: (J=compiled Java code, A=aot compiled Java code, j=interpreted, Vv=VM code, C=native code)
C  [libsystem_platform.dylib+0x15d2]  _platform_strlen+0x12
V  [libjvm.dylib+0x1ea187]  ClassLoader::setup_boot_search_path(char const*)+0x1d
V  [libjvm.dylib+0x1ecb76]  ClassLoader::initialize()+0x5d8
V  [libjvm.dylib+0x37e881]  init_globals()+0x2d
V  [libjvm.dylib+0x6f1587]  Threads::create_vm(JavaVMInitArgs*, bool*)+0x285
V  [libjvm.dylib+0x3ed088]  JNI_CreateJavaVM+0x60
C  [libjli.dylib+0x412b]  JavaMain+0x10b
C  [libsystem_pthread.dylib+0x6950]  _pthread_start+0xe0
C  [libsystem_pthread.dylib+0x247b]  thread_start+0xf


siginfo: si_signo: 11 (SIGSEGV), si_code: 1 (SEGV_MAPERR), si_addr: 0x0000000000000000

Registers:
RAX=0x00000001099368f2, RBX=0x0000000109939990, RCX=0x0000000000000000, RDX=0x0000000000000000
RSP=0x00007000053d5b70, RBP=0x00007000053d5b70, RSI=0x0000000000000000, RDI=0x0000000000000000
R8 =0x0000000000000000, R9 =0x0000000000000000, R10=0x0000000000000000, R11=0x0000000000000000
R12=0x00007f969e008800, R13=0x00007000053d5f80, R14=0x00000001095aabfa, R15=0x00007000053d5ef7
RIP=0x00007fff2046b5d2, EFLAGS=0x0000000000010246, ERR=0x0000000000000004
  TRAPNO=0x000000000000000e

Top of Stack: (sp=0x00007000053d5b70)
0x00007000053d5b70:   00007000053d5c90 00000001091ea187
0x00007000053d5b80:   00007f969d504300 0000000000000008
0x00007000053d5b90:   00007f969f10b110 0000000000000040
0x00007000053d5ba0:   00007000053d5bd0 000000010962447c
0x00007000053d5bb0:   0000000000000038 0000000000000008
0x00007000053d5bc0:   00007f969d5096b0 0000000000000040
0x00007000053d5bd0:   00007000053d5c30 0000000109622a69
0x00007000053d5be0:   00007000053d5c10 00000001095cd869
0x00007000053d5bf0:   00007f969d504300 00007f969d5096b0
0x00007000053d5c00:   00007f969d504210 00007f969f10b190
0x00007000053d5c10:   00007000053d5c50 00000001096230ec
0x00007000053d5c20:   00007f969d5096b0 00007f969d5096b0
0x00007000053d5c30:   0000000000000004 0000000109783b18
0x00007000053d5c40:   000000000000000b 0000000000000000
0x00007000053d5c50:   6be43918602900b4 0000000000000000
0x00007000053d5c60:   00000001095aabfa 0000000109939990
0x00007000053d5c70:   00007f969e008800 00007000053d5f80
0x00007000053d5c80:   00000001095aabfa 00007000053d5ef7
0x00007000053d5c90:   00007000053d5cc0 00000001091ecb76
0x00007000053d5ca0:   00007f969e008800 00007f969e008800
0x00007000053d5cb0:   0000000109939990 00000001095aabfa
0x00007000053d5cc0:   00007000053d5d10 000000010937e881
0x00007000053d5cd0:   00007f969e008800 00007f969d5069c0
0x00007000053d5ce0:   00007f969d506a20 00007f969d506a30
0x00007000053d5cf0:   00007f969d506b08 00000000000000d8
0x00007000053d5d00:   00007f969d5042a0 0000000109939990
0x00007000053d5d10:   00007000053d5ea0 00000001096f1587
0x00007000053d5d20:   0000000000000000 0000000000000000
0x00007000053d5d30:   0000000000000000 0000000000000000
0x00007000053d5d40:   0000000000000000 0000000000000000
0x00007000053d5d50:   0000000000000000 0000000000000000
0x00007000053d5d60:   0000000000000100 0000000000000000 

Instructions: (pc=0x00007fff2046b5d2)
0x00007fff2046b4d2:   74 09 48 83 c1 01 48 39 d1 72 e3 5d c3 90 55 48
0x00007fff2046b4e2:   89 e5 48 81 e6 ff 00 00 00 48 0f af 35 f5 64 00
0x00007fff2046b4f2:   00 66 48 0f 6e c6 48 89 f8 48 83 fa 40 0f 82 92
0x00007fff2046b502:   00 00 00 48 81 fa 00 80 00 00 0f 82 3e 00 00 00
0x00007fff2046b512:   e9 28 00 00 00 66 0f 1f 84 00 00 00 00 00 55 48
0x00007fff2046b522:   89 e5 48 89 f2 48 31 f6 0f 57 c0 48 89 f8 48 83
0x00007fff2046b532:   fa 40 72 61 48 81 fa 00 80 00 00 72 11 48 89 d1
0x00007fff2046b542:   48 89 f0 48 89 fa fc f3 aa 48 89 d0 5d c3 c4 e2
0x00007fff2046b552:   7d 18 c0 c5 fc 11 07 48 83 c7 20 48 83 e7 e0 48
0x00007fff2046b562:   89 f9 48 29 c1 48 29 ca 48 83 ea 40 76 13 c5 fc
0x00007fff2046b572:   29 07 c5 fc 29 47 20 48 83 c7 40 48 83 ea 40 77
0x00007fff2046b582:   ed c5 fc 11 04 17 c5 fc 11 44 17 20 c5 f8 77 5d
0x00007fff2046b592:   c3 48 89 34 17 48 83 ea 08 73 f6 48 83 c2 08 74
0x00007fff2046b5a2:   0b 40 88 74 17 ff 48 83 ea 01 75 f5 5d c3 90 90
0x00007fff2046b5b2:   90 90 90 90 90 90 90 90 90 90 90 90 90 90 55 48
0x00007fff2046b5c2:   89 e5 48 89 f9 48 89 fa 48 83 e7 f0 66 0f ef c0
0x00007fff2046b5d2:   66 0f 74 07 66 0f d7 f0 48 83 e1 0f 48 83 c8 ff
0x00007fff2046b5e2:   48 d3 e0 21 c6 74 17 0f bc c6 48 29 d7 48 01 f8
0x00007fff2046b5f2:   5d c3 66 2e 0f 1f 84 00 00 00 00 00 66 90 48 83
0x00007fff2046b602:   c7 10 66 0f ef c0 66 0f 74 07 66 0f d7 f0 85 f6
0x00007fff2046b612:   74 ec eb d3 65 48 8b 0c 25 18 00 00 00 41 89 c8
0x00007fff2046b622:   31 c0 f0 4c 0f b1 07 0f 85 72 20 00 00 e9 00 00
0x00007fff2046b632:   00 00 55 48 89 e5 41 56 53 41 89 ce 48 89 fb 48
0x00007fff2046b642:   89 f7 ff d2 48 c7 c6 ff ff ff ff 48 87 33 44 39
0x00007fff2046b652:   f6 75 05 5b 41 5e 5d c3 48 89 df 44 89 f2 5b 41
0x00007fff2046b662:   5e 5d e9 15 21 00 00 65 8b 14 25 18 00 00 00 31
0x00007fff2046b672:   c0 f0 0f b1 17 75 01 c3 31 f6 e9 22 0a 00 00 55
0x00007fff2046b682:   48 89 e5 8b 3f 89 f8 83 c8 01 65 3b 04 25 18 00
0x00007fff2046b692:   00 00 75 02 5d c3 e8 12 5f 00 00 90 90 90 ba ff
0x00007fff2046b6a2:   ff ff ff 0f bc c7 0f 44 c2 ff c0 c3 66 90 ba ff
0x00007fff2046b6b2:   ff ff ff 48 0f bc c7 0f 44 c2 ff c0 c3 90 ba ff
0x00007fff2046b6c2:   ff ff ff 0f bd c7 0f 44 c2 ff c0 c3 66 90 ba ff 



---------------  P R O C E S S  ---------------

Threads class SMR info:
_java_thread_list=0x00007f969d704160, length=0, elements={
}

Java Threads: ( => current thread )

Other Threads:

[error occurred during error reporting (printing all threads), id 0xb, SIGSEGV (0xb) at pc=0x00000001096f28a2]

VM state:not at safepoint (not fully initialized)

VM Mutex/Monitor currently owned by a thread: None


[error occurred during error reporting (printing compressed oops mode), id 0xb, SIGSEGV (0xb) at pc=0x0000000109709904]

Deoptimization events (0 events):
No events

Classes redefined (0 events):
No events

Internal exceptions (0 events):
No events

Events (3 events):
Event: 0.028 Protecting memory [0x00007000052d6000,0x00007000052da000] with protection modes 0
Event: 0.029 Loaded shared library /Users/zhangjin/anaconda3/lib/libzip.dylib
Event: 0.030 Loaded shared library /Users/zhangjin/anaconda3/lib/libjimage.dylib


Dynamic libraries:
0x00007fff350b5000 	/System/Library/Frameworks/Cocoa.framework/Versions/A/Cocoa
0x00007fff222da000 	/System/Library/Frameworks/Security.framework/Versions/A/Security
0x00007fff332b2000 	/System/Library/Frameworks/ApplicationServices.framework/Versions/A/ApplicationServices
0x00007fff2a563000 	/usr/lib/libz.1.dylib
0x0000000102cc5000 	/Users/zhangjin/anaconda3/lib/jli/libjli.dylib
0x00007fff2a62b000 	/usr/lib/libSystem.B.dylib
0x00007fff22d01000 	/System/Library/Frameworks/AppKit.framework/Versions/C/AppKit
0x00007fff25b99000 	/System/Library/Frameworks/CoreData.framework/Versions/A/CoreData
0x00007fff2124d000 	/System/Library/Frameworks/Foundation.framework/Versions/C/Foundation
0x00007fff23a64000 	/System/Library/PrivateFrameworks/UIFoundation.framework/Versions/A/UIFoundation
0x00007fff2fc91000 	/System/Library/PrivateFrameworks/RemoteViewServices.framework/Versions/A/RemoteViewServices
0x00007fff28a8a000 	/System/Library/PrivateFrameworks/XCTTargetBootstrap.framework/Versions/A/XCTTargetBootstrap
0x00007fff2b76b000 	/usr/lib/libspindump.dylib
0x00007fff23cb9000 	/System/Library/Frameworks/UniformTypeIdentifiers.framework/Versions/A/UniformTypeIdentifiers
0x00007fff27260000 	/usr/lib/libapp_launch_measurement.dylib
0x00007fff27263000 	/System/Library/PrivateFrameworks/CoreAutoLayout.framework/Versions/A/CoreAutoLayout
0x00007fff283ec000 	/System/Library/Frameworks/Metal.framework/Versions/A/Metal
0x00007fff290dc000 	/usr/lib/liblangid.dylib
0x00007fff28a8e000 	/System/Library/PrivateFrameworks/CoreSVG.framework/Versions/A/CoreSVG
0x00007fff24ca0000 	/System/Library/PrivateFrameworks/SkyLight.framework/Versions/A/SkyLight
0x00007fff25007000 	/System/Library/Frameworks/CoreGraphics.framework/Versions/A/CoreGraphics
0x00007fff302e8000 	/System/Library/Frameworks/Accelerate.framework/Versions/A/Accelerate
0x00007fff2b1a6000 	/System/Library/PrivateFrameworks/IconServices.framework/Versions/A/IconServices
0x00007fff283d1000 	/System/Library/Frameworks/IOSurface.framework/Versions/A/IOSurface
0x00007fff26522000 	/usr/lib/libDiagnosticMessagesClient.dylib
0x00007fff28a76000 	/System/Library/PrivateFrameworks/DFRFoundation.framework/Versions/A/DFRFoundation
0x00007fff2262c000 	/usr/lib/libicucore.A.dylib
0x00007fff2ccb2000 	/System/Library/Frameworks/AudioToolbox.framework/Versions/A/AudioToolbox
0x00007fff2bf57000 	/System/Library/PrivateFrameworks/DataDetectorsCore.framework/Versions/A/DataDetectorsCore
0x00007fff28776000 	/System/Library/Frameworks/Carbon.framework/Versions/A/Frameworks/HIToolbox.framework/Versions/A/HIToolbox
0x00007fff26cbb000 	/System/Library/Frameworks/QuartzCore.framework/Versions/A/QuartzCore
0x00007fff2fccd000 	/System/Library/Frameworks/Carbon.framework/Versions/A/Frameworks/SpeechRecognition.framework/Versions/A/SpeechRecognition
0x00007fff26fc8000 	/System/Library/PrivateFrameworks/CoreUI.framework/Versions/A/CoreUI
0x00007fff21c35000 	/System/Library/Frameworks/CoreAudio.framework/Versions/A/CoreAudio
0x00007fff2660d000 	/System/Library/Frameworks/DiskArbitration.framework/Versions/A/DiskArbitration
0x00007fff2bb66000 	/System/Library/PrivateFrameworks/MultitouchSupport.framework/Versions/A/MultitouchSupport
0x00007fff2bf4e000 	/System/Library/PrivateFrameworks/InternationalSupport.framework/Versions/A/InternationalSupport
0x00007fff24c14000 	/usr/lib/libenergytrace.dylib
0x00007fff22bfa000 	/System/Library/Frameworks/IOKit.framework/Versions/A/IOKit
0x00007fff3001a000 	/System/Library/Frameworks/CoreServices.framework/Versions/A/CoreServices
0x00007fff271f6000 	/System/Library/PrivateFrameworks/PerformanceAnalysis.framework/Versions/A/PerformanceAnalysis
0x00007fff6c984000 	/System/Library/Frameworks/OpenGL.framework/Versions/A/OpenGL
0x00007fff2bfd3000 	/System/Library/PrivateFrameworks/UserActivity.framework/Versions/A/UserActivity
0x00007fff202c0000 	/usr/lib/libobjc.A.dylib
0x00007fff2569b000 	/System/Library/Frameworks/ColorSync.framework/Versions/A/ColorSync
0x00007fff204a0000 	/System/Library/Frameworks/CoreFoundation.framework/Versions/A/CoreFoundation
0x00007fff28cf3000 	/System/Library/Frameworks/CoreImage.framework/Versions/A/CoreImage
0x00007fff21a4c000 	/System/Library/Frameworks/CoreText.framework/Versions/A/CoreText
0x00007fff28ab8000 	/System/Library/Frameworks/ImageIO.framework/Versions/A/ImageIO
0x00007fff2a631000 	/System/Library/PrivateFrameworks/SoftLinking.framework/Versions/A/SoftLinking
0x00007fff272ac000 	/usr/lib/libxml2.2.dylib
0x00007fff20385000 	/usr/lib/libc++.1.dylib
0x00007fff2a8a3000 	/usr/lib/libcompression.dylib
0x00007fff24c15000 	/usr/lib/libMobileGestalt.dylib
0x00007fff2be81000 	/System/Library/PrivateFrameworks/TextureIO.framework/Versions/A/TextureIO
0x00007fff2aec9000 	/usr/lib/libate.dylib
0x00007fff2a625000 	/usr/lib/system/libcache.dylib
0x00007fff2a5e1000 	/usr/lib/system/libcommonCrypto.dylib
0x00007fff2a60b000 	/usr/lib/system/libcompiler_rt.dylib
0x00007fff2a600000 	/usr/lib/system/libcopyfile.dylib
0x00007fff201ae000 	/usr/lib/system/libcorecrypto.dylib
0x00007fff2027b000 	/usr/lib/system/libdispatch.dylib
0x00007fff2042f000 	/usr/lib/system/libdyld.dylib
0x00007fff2a61c000 	/usr/lib/system/libkeymgr.dylib
0x00007fff2da64000 	/usr/lib/system/liblaunch.dylib
0x00007fff2a5bf000 	/usr/lib/system/libmacho.dylib
0x00007fff29dd9000 	/usr/lib/system/libquarantine.dylib
0x00007fff2a619000 	/usr/lib/system/libremovefile.dylib
0x00007fff24c71000 	/usr/lib/system/libsystem_asl.dylib
0x00007fff2015e000 	/usr/lib/system/libsystem_blocks.dylib
0x00007fff202fc000 	/usr/lib/system/libsystem_c.dylib
0x00007fff2a613000 	/usr/lib/system/libsystem_collections.dylib
0x00007fff290cd000 	/usr/lib/system/libsystem_configuration.dylib
0x00007fff283c0000 	/usr/lib/system/libsystem_containermanager.dylib
0x00007fff2a35b000 	/usr/lib/system/libsystem_coreservices.dylib
0x00007fff2288e000 	/usr/lib/system/libsystem_darwin.dylib
0x00007fff2a61d000 	/usr/lib/system/libsystem_dnssd.dylib
0x00007fff202f9000 	/usr/lib/system/libsystem_featureflags.dylib
0x00007fff20474000 	/usr/lib/system/libsystem_info.dylib
0x00007fff2a576000 	/usr/lib/system/libsystem_m.dylib
0x00007fff2024e000 	/usr/lib/system/libsystem_malloc.dylib
0x00007fff24c05000 	/usr/lib/system/libsystem_networkextension.dylib
0x00007fff22ca9000 	/usr/lib/system/libsystem_notify.dylib
0x00007fff2ff18000 	/usr/lib/system/libsystem_product_info_filter.dylib
0x00007fff290d1000 	/usr/lib/system/libsystem_sandbox.dylib
0x00007fff2a616000 	/usr/lib/system/libsystem_secinit.dylib
0x00007fff203f4000 	/usr/lib/system/libsystem_kernel.dylib
0x00007fff2046a000 	/usr/lib/system/libsystem_platform.dylib
0x00007fff20423000 	/usr/lib/system/libsystem_pthread.dylib
0x00007fff26370000 	/usr/lib/system/libsystem_symptoms.dylib
0x00007fff20196000 	/usr/lib/system/libsystem_trace.dylib
0x00007fff2a5ed000 	/usr/lib/system/libunwind.dylib
0x00007fff20160000 	/usr/lib/system/libxpc.dylib
0x00007fff203db000 	/usr/lib/libc++abi.dylib
0x00007fff2a5f8000 	/usr/lib/liboah.dylib
0x00007fff2acae000 	/usr/lib/liblzma.5.dylib
0x00007fff20f61000 	/System/Library/Frameworks/SystemConfiguration.framework/Versions/A/SystemConfiguration
0x00007fff2a62d000 	/usr/lib/libfakelink.dylib
0x00007fff24767000 	/System/Library/Frameworks/CFNetwork.framework/Versions/A/CFNetwork
0x00007fff2a76d000 	/usr/lib/libarchive.2.dylib
0x00007fff20fdf000 	/usr/lib/libCRFSuite.dylib
0x00007fff29e00000 	/usr/lib/libbsm.0.dylib
0x00007fff24123000 	/usr/lib/libnetwork.dylib
0x00007fff2a632000 	/usr/lib/libpcap.A.dylib
0x00007fff26369000 	/usr/lib/libdns_services.dylib
0x00007fff2acc7000 	/usr/lib/libcoretls_cfhelpers.dylib
0x00007fff2a871000 	/usr/lib/libapple_nghttp2.dylib
0x00007fff2a5c5000 	/usr/lib/system/libkxld.dylib
0x00007fff25fcf000 	/usr/lib/libsqlite3.dylib
0x00007fff2a33d000 	/System/Library/PrivateFrameworks/AppleFSCompression.framework/Versions/A/AppleFSCompression
0x00007fff29de8000 	/usr/lib/libcoretls.dylib
0x00007fff2a89e000 	/usr/lib/libpam.2.dylib
0x00007fff2adc4000 	/usr/lib/libxar.1.dylib
0x00007fff290d8000 	/System/Library/PrivateFrameworks/AppleSystemInfo.framework/Versions/A/AppleSystemInfo
0x00007fff29a2b000 	/System/Library/PrivateFrameworks/IOMobileFramebuffer.framework/Versions/A/IOMobileFramebuffer
0x00007fff2a34d000 	/usr/lib/libbz2.1.0.dylib
0x00007fff2a66a000 	/usr/lib/libiconv.2.dylib
0x00007fff2a5be000 	/usr/lib/libcharset.1.dylib
0x00007fff27232000 	/System/Library/Frameworks/CoreServices.framework/Versions/A/Frameworks/FSEvents.framework/Versions/A/FSEvents
0x00007fff22898000 	/System/Library/Frameworks/CoreServices.framework/Versions/A/Frameworks/CarbonCore.framework/Versions/A/CarbonCore
0x00007fff26572000 	/System/Library/Frameworks/CoreServices.framework/Versions/A/Frameworks/Metadata.framework/Versions/A/Metadata
0x00007fff2a360000 	/System/Library/Frameworks/CoreServices.framework/Versions/A/Frameworks/OSServices.framework/Versions/A/OSServices
0x00007fff2a7df000 	/System/Library/Frameworks/CoreServices.framework/Versions/A/Frameworks/SearchKit.framework/Versions/A/SearchKit
0x00007fff262f3000 	/System/Library/Frameworks/CoreServices.framework/Versions/A/Frameworks/AE.framework/Versions/A/AE
0x00007fff2093c000 	/System/Library/Frameworks/CoreServices.framework/Versions/A/Frameworks/LaunchServices.framework/Versions/A/LaunchServices
0x00007fff2ac5f000 	/System/Library/Frameworks/CoreServices.framework/Versions/A/Frameworks/DictionaryServices.framework/Versions/A/DictionaryServices
0x00007fff2723b000 	/System/Library/Frameworks/CoreServices.framework/Versions/A/Frameworks/SharedFileList.framework/Versions/A/SharedFileList
0x00007fff29ddc000 	/usr/lib/libCheckFix.dylib
0x00007fff24c88000 	/System/Library/PrivateFrameworks/TCC.framework/Versions/A/TCC
0x00007fff290de000 	/System/Library/PrivateFrameworks/CoreNLP.framework/Versions/A/CoreNLP
0x00007fff26525000 	/System/Library/PrivateFrameworks/MetadataUtilities.framework/Versions/A/MetadataUtilities
0x00007fff21015000 	/usr/lib/libmecabra.dylib
0x00007fff2a0ef000 	/System/Library/Frameworks/MLCompute.framework/Versions/A/MLCompute
0x00007fff29e11000 	/usr/lib/libmecab.dylib
0x00007fff29e5b000 	/usr/lib/libgermantok.dylib
0x00007fff2a847000 	/usr/lib/libThaiTokenizer.dylib
0x00007fff2adff000 	/usr/lib/libChineseTokenizer.dylib
0x00007fff2a89c000 	/System/Library/Frameworks/MetalPerformanceShaders.framework/Versions/A/MetalPerformanceShaders
0x00007fff26614000 	/System/Library/Frameworks/Accelerate.framework/Versions/A/Frameworks/vImage.framework/Versions/A/vImage
0x00007fff2fff3000 	/System/Library/Frameworks/Accelerate.framework/Versions/A/Frameworks/vecLib.framework/Versions/A/vecLib
0x00007fff2ae0a000 	/System/Library/Frameworks/Accelerate.framework/Versions/A/Frameworks/vecLib.framework/Versions/A/libvMisc.dylib
0x00007fff29844000 	/System/Library/Frameworks/Accelerate.framework/Versions/A/Frameworks/vecLib.framework/Versions/A/libvDSP.dylib
0x00007fff20c40000 	/System/Library/Frameworks/Accelerate.framework/Versions/A/Frameworks/vecLib.framework/Versions/A/libBLAS.dylib
0x00007fff2a8c2000 	/System/Library/Frameworks/Accelerate.framework/Versions/A/Frameworks/vecLib.framework/Versions/A/libLAPACK.dylib
0x00007fff29e61000 	/System/Library/Frameworks/Accelerate.framework/Versions/A/Frameworks/vecLib.framework/Versions/A/libLinearAlgebra.dylib
0x00007fff2a889000 	/System/Library/Frameworks/Accelerate.framework/Versions/A/Frameworks/vecLib.framework/Versions/A/libSparseBLAS.dylib
0x00007fff2a8bc000 	/System/Library/Frameworks/Accelerate.framework/Versions/A/Frameworks/vecLib.framework/Versions/A/libQuadrature.dylib
0x00007fff29186000 	/System/Library/Frameworks/Accelerate.framework/Versions/A/Frameworks/vecLib.framework/Versions/A/libBNNS.dylib
0x00007fff20ef2000 	/System/Library/Frameworks/Accelerate.framework/Versions/A/Frameworks/vecLib.framework/Versions/A/libSparse.dylib
0x00007fff29071000 	/System/Library/Frameworks/MetalPerformanceShaders.framework/Versions/A/Frameworks/MPSCore.framework/Versions/A/MPSCore
0x00007fff2a2ac000 	/System/Library/Frameworks/MetalPerformanceShaders.framework/Versions/A/Frameworks/MPSImage.framework/Versions/A/MPSImage
0x00007fff29e77000 	/System/Library/Frameworks/MetalPerformanceShaders.framework/Versions/A/Frameworks/MPSNeuralNetwork.framework/Versions/A/MPSNeuralNetwork
0x00007fff2a237000 	/System/Library/Frameworks/MetalPerformanceShaders.framework/Versions/A/Frameworks/MPSMatrix.framework/Versions/A/MPSMatrix
0x00007fff2a09f000 	/System/Library/Frameworks/MetalPerformanceShaders.framework/Versions/A/Frameworks/MPSRayIntersector.framework/Versions/A/MPSRayIntersector
0x00007fff2a26e000 	/System/Library/Frameworks/MetalPerformanceShaders.framework/Versions/A/Frameworks/MPSNDArray.framework/Versions/A/MPSNDArray
0x00007fff20b6c000 	/System/Library/PrivateFrameworks/MetalTools.framework/Versions/A/MetalTools
0x00007fff290d6000 	/System/Library/PrivateFrameworks/AggregateDictionary.framework/Versions/A/AggregateDictionary
0x00007fff264fd000 	/System/Library/PrivateFrameworks/CoreAnalytics.framework/Versions/A/CoreAnalytics
0x00007fff2a849000 	/System/Library/PrivateFrameworks/AppleSauce.framework/Versions/A/AppleSauce
0x00007fff283e3000 	/System/Library/PrivateFrameworks/IOAccelerator.framework/Versions/A/IOAccelerator
0x00007fff6c978000 	/System/Library/Frameworks/OpenGL.framework/Versions/A/Libraries/libCoreFSCache.dylib
0x00007fff215b1000 	/System/Library/PrivateFrameworks/LanguageModeling.framework/Versions/A/LanguageModeling
0x00007fff29a18000 	/System/Library/PrivateFrameworks/CoreEmoji.framework/Versions/A/CoreEmoji
0x00007fff2917f000 	/System/Library/PrivateFrameworks/LinguisticData.framework/Versions/A/LinguisticData
0x00007fff20ea4000 	/System/Library/PrivateFrameworks/Lexicon.framework/Versions/A/Lexicon
0x00007fff2a75b000 	/usr/lib/libcmph.dylib
0x00007fff27212000 	/System/Library/Frameworks/OpenDirectory.framework/Versions/A/Frameworks/CFOpenDirectory.framework/Versions/A/CFOpenDirectory
0x00007fff27202000 	/System/Library/Frameworks/OpenDirectory.framework/Versions/A/OpenDirectory
0x00007fff2acc9000 	/System/Library/PrivateFrameworks/APFS.framework/Versions/A/APFS
0x00007fff29d3d000 	/System/Library/Frameworks/SecurityFoundation.framework/Versions/A/SecurityFoundation
0x00007fff2add2000 	/usr/lib/libutil.dylib
0x00007fff22bbf000 	/System/Library/PrivateFrameworks/CoreServicesStore.framework/Versions/A/CoreServicesStore
0x00007fff29dd4000 	/System/Library/Frameworks/ServiceManagement.framework/Versions/A/ServiceManagement
0x00007fff2add6000 	/usr/lib/libxslt.1.dylib
0x00007fff29dca000 	/System/Library/PrivateFrameworks/BackgroundTaskManagement.framework/Versions/A/BackgroundTaskManagement
0x00007fff2bdcb000 	/System/Library/Frameworks/ImageIO.framework/Versions/A/Resources/libRadiance.dylib
0x00007fff2bdd5000 	/System/Library/Frameworks/ImageIO.framework/Versions/A/Resources/libJPEG.dylib
0x00007fff2bd20000 	/System/Library/Frameworks/ImageIO.framework/Versions/A/Resources/libPng.dylib
0x00007fff2bd47000 	/System/Library/Frameworks/ImageIO.framework/Versions/A/Resources/libTIFF.dylib
0x00007fff2be2a000 	/System/Library/Frameworks/ImageIO.framework/Versions/A/Resources/libGIF.dylib
0x00007fff2ba83000 	/System/Library/Frameworks/ImageIO.framework/Versions/A/Resources/libJP2.dylib
0x00007fff2b16d000 	/usr/lib/libexpat.1.dylib
0x00007fff2ba38000 	/System/Library/PrivateFrameworks/AppleJPEG.framework/Versions/A/AppleJPEG
0x00007fff28619000 	/System/Library/PrivateFrameworks/FontServices.framework/libFontParser.dylib
0x00007fff262a7000 	/System/Library/PrivateFrameworks/RunningBoardServices.framework/Versions/A/RunningBoardServices
0x00007fff2bb62000 	/System/Library/PrivateFrameworks/WatchdogClient.framework/Versions/A/WatchdogClient
0x00007fff2169e000 	/System/Library/Frameworks/CoreDisplay.framework/Versions/A/CoreDisplay
0x00007fff2852f000 	/System/Library/Frameworks/CoreMedia.framework/Versions/A/CoreMedia
0x00007fff2738f000 	/System/Library/Frameworks/CoreVideo.framework/Versions/A/CoreVideo
0x00007fff2bb9a000 	/System/Library/Frameworks/VideoToolbox.framework/Versions/A/VideoToolbox
0x00007fff26225000 	/System/Library/PrivateFrameworks/BaseBoard.framework/Versions/A/BaseBoard
0x00007fff2b2b2000 	/System/Library/PrivateFrameworks/PersistentConnection.framework/Versions/A/PersistentConnection
0x00007fff25fb8000 	/System/Library/PrivateFrameworks/ProtocolBuffer.framework/Versions/A/ProtocolBuffer
0x00007fff2620c000 	/System/Library/PrivateFrameworks/CommonUtilities.framework/Versions/A/CommonUtilities
0x00007fff2b9cd000 	/System/Library/PrivateFrameworks/Bom.framework/Versions/A/Bom
0x00007fff2bdc4000 	/System/Library/PrivateFrameworks/GPUWrangler.framework/Versions/A/GPUWrangler
0x00007fff2bda7000 	/System/Library/PrivateFrameworks/IOPresentment.framework/Versions/A/IOPresentment
0x00007fff2bdcf000 	/System/Library/PrivateFrameworks/DSExternalDisplay.framework/Versions/A/DSExternalDisplay
0x00007fff2be2f000 	/System/Library/PrivateFrameworks/CMCaptureCore.framework/Versions/A/CMCaptureCore
0x00007fff2b752000 	/System/Library/PrivateFrameworks/AppServerSupport.framework/Versions/A/AppServerSupport
0x00007fff2d803000 	/System/Library/PrivateFrameworks/perfdata.framework/Versions/A/perfdata
0x00007fff29d2c000 	/System/Library/PrivateFrameworks/AssertionServices.framework/Versions/A/AssertionServices
0x00007fff217d5000 	/System/Library/PrivateFrameworks/AudioToolboxCore.framework/Versions/A/AudioToolboxCore
0x00007fff28512000 	/System/Library/PrivateFrameworks/caulk.framework/Versions/A/caulk
0x00007fff3d4ae000 	/System/Library/PrivateFrameworks/SystemPolicy.framework/Versions/A/SystemPolicy
0x00007fff2af62000 	/usr/lib/libIOReport.dylib
0x00007fff2d025000 	/usr/lib/libSMC.dylib
0x00007fff2bced000 	/usr/lib/libAudioToolboxUtility.dylib
0x00007fff3de18000 	/usr/lib/libmis.dylib
0x00007fff6c9d4000 	/System/Library/Frameworks/OpenGL.framework/Versions/A/Libraries/libGLU.dylib
0x00007fff6c997000 	/System/Library/Frameworks/OpenGL.framework/Versions/A/Libraries/libGFXShared.dylib
0x00007fff6cba6000 	/System/Library/Frameworks/OpenGL.framework/Versions/A/Libraries/libGL.dylib
0x00007fff6c9a0000 	/System/Library/Frameworks/OpenGL.framework/Versions/A/Libraries/libGLImage.dylib
0x00007fff6c994000 	/System/Library/Frameworks/OpenGL.framework/Versions/A/Libraries/libCVMSPluginSupport.dylib
0x00007fff6c97f000 	/System/Library/Frameworks/OpenGL.framework/Versions/A/Libraries/libCoreVMClient.dylib
0x00007fff6dfe7000 	/System/Library/Frameworks/OpenCL.framework/Versions/A/OpenCL
0x00007fff2b2dc000 	/System/Library/PrivateFrameworks/GraphVisualizer.framework/Versions/A/GraphVisualizer
0x00007fff2b2eb000 	/System/Library/PrivateFrameworks/FaceCore.framework/Versions/A/FaceCore
0x00007fff2b707000 	/System/Library/PrivateFrameworks/OTSVG.framework/Versions/A/OTSVG
0x00007fff26f86000 	/System/Library/Frameworks/ApplicationServices.framework/Versions/A/Frameworks/ATS.framework/Versions/A/Resources/libFontRegistry.dylib
0x00007fff2b759000 	/System/Library/PrivateFrameworks/FontServices.framework/libhvf.dylib
0x00007fff2b119000 	/System/Library/PrivateFrameworks/AppleVA.framework/Versions/A/AppleVA
0x00007fff2ce6e000 	/System/Library/Frameworks/ApplicationServices.framework/Versions/A/Frameworks/ATS.framework/Versions/A/ATS
0x00007fff2d180000 	/System/Library/Frameworks/ApplicationServices.framework/Versions/A/Frameworks/ColorSyncLegacy.framework/Versions/A/ColorSyncLegacy
0x00007fff25792000 	/System/Library/Frameworks/ApplicationServices.framework/Versions/A/Frameworks/HIServices.framework/Versions/A/HIServices
0x00007fff2d165000 	/System/Library/Frameworks/ApplicationServices.framework/Versions/A/Frameworks/LangAnalysis.framework/Versions/A/LangAnalysis
0x00007fff2be39000 	/System/Library/Frameworks/ApplicationServices.framework/Versions/A/Frameworks/PrintCore.framework/Versions/A/PrintCore
0x00007fff2d188000 	/System/Library/Frameworks/ApplicationServices.framework/Versions/A/Frameworks/QD.framework/Versions/A/QD
0x00007fff2ce5e000 	/System/Library/Frameworks/ApplicationServices.framework/Versions/A/Frameworks/SpeechSynthesis.framework/Versions/A/SpeechSynthesis
0x00007fff2bdfa000 	/System/Library/Frameworks/ApplicationServices.framework/Versions/A/Frameworks/ATSUI.framework/Versions/A/ATSUI
0x00007fff2d105000 	/usr/lib/libcups.2.dylib
0x00007fff2d175000 	/System/Library/PrivateFrameworks/NetAuth.framework/Versions/A/NetAuth
0x00007fff2d81f000 	/System/Library/Frameworks/Kerberos.framework/Versions/A/Kerberos
0x00007fff2d82f000 	/System/Library/Frameworks/GSS.framework/Versions/A/GSS
0x00007fff2ceda000 	/usr/lib/libresolv.9.dylib
0x00007fff2b76e000 	/System/Library/PrivateFrameworks/Heimdal.framework/Versions/A/Heimdal
0x00007fff335b3000 	/System/Library/Frameworks/Kerberos.framework/Versions/A/Libraries/libHeimdalProxy.dylib
0x00007fff26378000 	/System/Library/Frameworks/Network.framework/Versions/A/Network
0x00007fff2b187000 	/usr/lib/libheimdal-asn1.dylib
0x00007fff2d87f000 	/System/Library/PrivateFrameworks/CommonAuth.framework/Versions/A/CommonAuth
0x00007fff273dc000 	/System/Library/PrivateFrameworks/login.framework/Versions/A/Frameworks/loginsupport.framework/Versions/A/loginsupport
0x00007fff2cde3000 	/System/Library/PrivateFrameworks/AudioSession.framework/Versions/A/AudioSession
0x00007fff2ce4b000 	/usr/lib/libAudioStatistics.dylib
0x00007fff2b214000 	/System/Library/PrivateFrameworks/MediaExperience.framework/Versions/A/MediaExperience
0x00007fff2cc80000 	/System/Library/PrivateFrameworks/AudioSession.framework/libSessionUtility.dylib
0x00007fff2d810000 	/usr/lib/libperfcheck.dylib
0x00007fff2d194000 	/System/Library/PrivateFrameworks/AudioResourceArbitration.framework/Versions/A/AudioResourceArbitration
0x00007fff2b191000 	/System/Library/PrivateFrameworks/IconFoundation.framework/Versions/A/IconFoundation
0x00007fff2fcbd000 	/System/Library/PrivateFrameworks/SpeechRecognitionCore.framework/Versions/A/SpeechRecognitionCore
0x0000000109000000 	/Users/zhangjin/anaconda3/lib/server/libjvm.dylib
0x0000000102cf5000 	/Users/zhangjin/anaconda3/lib/libverify.dylib
0x0000000102d06000 	/Users/zhangjin/anaconda3/lib/libjava.dylib
0x0000000102d7c000 	/Users/zhangjin/anaconda3/lib/libzip.dylib
0x0000000102d88000 	/Users/zhangjin/anaconda3/lib/libjimage.dylib


VM Arguments:
java_command: getsp -test
java_class_path (initial): /Users/zhangjin/anaconda3/lib/R/share/java
Launcher Type: SUN_STANDARD

[Global flags]
     uint G1ConcRefinementThreads                  = 10                                        {product} {ergonomic}
    uintx GCDrainStackTargetSize                   = 64                                        {product} {ergonomic}
   size_t InitialHeapSize                          = 268435456                                 {product} {ergonomic}
   size_t MaxHeapSize                              = 4294967296                                {product} {ergonomic}
    uintx ReservedCodeCacheSize                    = 251658240                              {pd product} {ergonomic}
     bool SegmentedCodeCache                       = true                                      {product} {ergonomic}
     bool UseCompressedClassPointers               = true                                 {lp64_product} {ergonomic}
     bool UseCompressedOops                        = true                                 {lp64_product} {ergonomic}
     bool UseG1GC                                  = true                                      {product} {ergonomic}

Logging:
Log output configuration:
 #0: stdout all=warning uptime,level,tags
 #1: stderr all=off uptime,level,tags

Environment Variables:
PATH=/Users/zhangjin/anaconda3/bin:/Users/zhangjin/anaconda3/condabin:/Users/zhangjin/.pyenv/shims:/usr/local/sbin:/usr/local/sbin:/usr/local/bin:/usr/bin:/bin:/usr/sbin:/sbin:/Applications/VMware Fusion.app/Contents/Public:/Library/TeX/texbin:/Library/Apple/usr/bin:/Users/zhangjin/.pyenv/versions/3.8.2/bin:/usr/local/Cellar/pyenv/1.2.26/libexec:/Users/zhangjin/.pyenv/plugins/pyenv-virtualenv/bin:/usr/local/Cellar/pyenv/1.2.26/plugins/python-build/bin:/Users/zhangjin/.pyenv/shims:/Library/Frameworks/Python.framework/Versions/3.6/bin:/Users/zhangjin/anaconda3:/Users/zhangjin/Qt/5.14.2/clang_64/bin:/usr/local/opt/openjdk@11/bin:/Users/zhangjin/anaconda3/bin:/Users/zhangjin/anaconda3/condabin:/usr/local/sbin:/Users/zhangjin/Qt/5.14.2/bin
SHELL=/bin/zsh

Signal Handlers:
SIGSEGV: [libjvm.dylib+0x7429f0], sa_mask[0]=11111111011111110111111111111111, sa_flags=SA_ONSTACK|SA_RESTART|SA_SIGINFO
SIGBUS: [libjvm.dylib+0x7429f0], sa_mask[0]=11111111011111110111111111111111, sa_flags=SA_RESTART|SA_SIGINFO
SIGFPE: [libjvm.dylib+0x7429f0], sa_mask[0]=11111111011111110111111111111111, sa_flags=SA_RESTART|SA_SIGINFO
SIGPIPE: [libjvm.dylib+0x5f4767], sa_mask[0]=11111111011111110111111111111111, sa_flags=SA_RESTART|SA_SIGINFO
SIGXFSZ: [libjvm.dylib+0x5f4767], sa_mask[0]=11111111011111110111111111111111, sa_flags=SA_RESTART|SA_SIGINFO
SIGILL: [libjvm.dylib+0x7429f0], sa_mask[0]=11111111011111110111111111111111, sa_flags=SA_RESTART|SA_SIGINFO
SIGUSR2: [libjvm.dylib+0x5f4d51], sa_mask[0]=00000000000000000000000000000000, sa_flags=SA_RESTART|SA_SIGINFO
SIGHUP: SIG_DFL, sa_mask[0]=00000000000000000000000000000000, sa_flags=none
SIGINT: SIG_DFL, sa_mask[0]=00000000000000000000000000000000, sa_flags=none
SIGTERM: SIG_DFL, sa_mask[0]=00000000000000000000000000000000, sa_flags=SA_RESTART
SIGQUIT: SIG_DFL, sa_mask[0]=00000000000000000000000000000000, sa_flags=none


---------------  S Y S T E M  ---------------

OS:uname:Darwin 20.3.0 Darwin Kernel Version 20.3.0: Thu Jan 21 00:07:06 PST 2021; root:xnu-7195.81.3~1/RELEASE_X86_64 x86_64
rlimit: STACK 8192k, CORE 0k, NPROC 2784, NOFILE 10240, AS infinity, DATA infinity, FSIZE infinity
load average:2.73 3.78 4.23

CPU:total 12 (initial active 12) 

Memory: 4k page, physical 16777216k(85088k free), swap 3145728k(1061120k free)

vm_info: OpenJDK 64-Bit Server VM (11.0.6+8-b765.1) for bsd-amd64 JRE (11.0.6+8-b765.1), built on Feb 21 2020 17:31:52 by "builduser" with gcc 4.2.1 Compatible Apple LLVM 10.0.0 (clang-1000.10.44.4)

END.
